<-= 1 =->
name = Tiptop
city = Duluth
name = Basics
city = Dallas
name = Allied
city = Dallas
name = ACME
city = Duluth
name = Weyland-Yutani
city = Acheron
name = ACME
city = Kyoto
<-= 2 =->
name = folder
name = clip
<-= 3 =->
name = Basics
pid = p03
totalordersum = 1620.00
name = ACME
pid = p01
totalordersum = 1360.00
name = Allied
pid = p05
totalordersum = 1104.00
name = Tiptop
pid = p07
totalordersum = 720.00
name = Tiptop
pid = p06
totalordersum = 720.00
name = ACME
pid = p07
totalordersum = 600.00
name = Tiptop
pid = p03
totalordersum = 540.00
name = Tiptop
pid = p04
totalordersum = 540.00
name = Tiptop
pid = p05
totalordersum = 450.00
name = Tiptop
pid = p01
totalordersum = 450.00
name = Tiptop
pid = p02
totalordersum = 180.00
<-= 4 =->
name = ACME
totalofallorders = 1960.00
name = Allied
totalofallorders = 1104.00
name = Basics
totalofallorders = 1620.00
name = Tiptop
totalofallorders = 3600.00
name = Weyland-Yutani
totalofallorders = 0
<-= 5 =->
name = Tiptop
name = comb
name = Smith
name = Basics
name = razor
name = Brown
name = Allied
name = pencil
name = Brown
name = ACME
name = comb
name = Smith
name = Tiptop
name = razor
name = Smith
name = Tiptop
name = pen
name = Brown
name = Tiptop
name = brush
name = Jones
name = ACME
name = case
name = Brown
name = Tiptop
name = folder
name = Otasi
name = Tiptop
name = pencil
name = Gray
name = ACME
name = comb
name = Smith
name = Tiptop
name = case
name = Otasi
name = Basics
name = razor
name = Otasi
<-= 6 =->
ordno = 1026
mon = may
cid = c002
aid = a05
pid = p03
qty = 800
dollars = 740.00
truedollars = 704.0000000000000000000000
<-= 7 =->
ordno = 1011
mon = jan
cid = c001
aid = a01
pid = p01
qty = 1000
dollars = 450.00
cid = c001
name = Tiptop
city = Duluth
discount = 10.00
ordno = 1013
mon = jan
cid = c002
aid = a03
pid = p03
qty = 1000
dollars = 880.00
cid = c002
name = Basics
city = Dallas
discount = 12.00
ordno = 1015
mon = jan
cid = c003
aid = a03
pid = p05
qty = 1200
dollars = 1104.00
cid = c003
name = Allied
city = Dallas
discount = 8.00
ordno = 1016
mon = jan
cid = c006
aid = a01
pid = p01
qty = 1000
dollars = 500.00
cid = c006
name = ACME
city = Kyoto
discount = 0.00
ordno = 1017
mon = feb
cid = c001
aid = a06
pid = p03
qty = 600
dollars = 540.00
cid = c001
name = Tiptop
city = Duluth
discount = 10.00
ordno = 1018
mon = feb
cid = c001
aid = a03
pid = p04
qty = 600
dollars = 540.00
cid = c001
name = Tiptop
city = Duluth
discount = 10.00
ordno = 1019
mon = feb
cid = c001
aid = a02
pid = p02
qty = 400
dollars = 180.00
cid = c001
name = Tiptop
city = Duluth
discount = 10.00
ordno = 1020
mon = feb
cid = c006
aid = a03
pid = p07
qty = 600
dollars = 600.00
cid = c006
name = ACME
city = Kyoto
discount = 0.00
ordno = 1021
mon = feb
cid = c004
aid = a06
pid = p01
qty = 1000
dollars = 460.00
cid = c004
name = ACME
city = Duluth
discount = 8.00
ordno = 1022
mon = mar
cid = c001
aid = a05
pid = p06
qty = 400
dollars = 720.00
cid = c001
name = Tiptop
city = Duluth
discount = 10.00
ordno = 1023
mon = mar
cid = c001
aid = a04
pid = p05
qty = 500
dollars = 450.00
cid = c001
name = Tiptop
city = Duluth
discount = 10.00
ordno = 1024
mon = mar
cid = c006
aid = a06
pid = p01
qty = 800
dollars = 400.00
cid = c006
name = ACME
city = Kyoto
discount = 0.00
ordno = 1025
mon = apr
cid = c001
aid = a05
pid = p07
qty = 800
dollars = 720.00
cid = c001
name = Tiptop
city = Duluth
discount = 10.00
ordno = 1026
mon = may
cid = c002
aid = a05
pid = p03
qty = 800
dollars = 740.00
cid = c002
name = Basics
city = Dallas
discount = 12.00
ordno = None
mon = None
cid = None
aid = None
pid = None
qty = None
dollars = None
cid = c005
name = Weyland-Yutani
city = Acheron
discount = 0.00
<-= 8 =->
ordno = 1011
mon = jan
cid = c001
aid = a01
pid = p01
qty = 1000
dollars = 450.00
cid = c001
name = Tiptop
city = Duluth
discount = 10.00
ordno = 1013
mon = jan
cid = c002
aid = a03
pid = p03
qty = 1000
dollars = 880.00
cid = c002
name = Basics
city = Dallas
discount = 12.00
ordno = 1015
mon = jan
cid = c003
aid = a03
pid = p05
qty = 1200
dollars = 1104.00
cid = c003
name = Allied
city = Dallas
discount = 8.00
ordno = 1016
mon = jan
cid = c006
aid = a01
pid = p01
qty = 1000
dollars = 500.00
cid = c006
name = ACME
city = Kyoto
discount = 0.00
ordno = 1017
mon = feb
cid = c001
aid = a06
pid = p03
qty = 600
dollars = 540.00
cid = c001
name = Tiptop
city = Duluth
discount = 10.00
ordno = 1018
mon = feb
cid = c001
aid = a03
pid = p04
qty = 600
dollars = 540.00
cid = c001
name = Tiptop
city = Duluth
discount = 10.00
ordno = 1019
mon = feb
cid = c001
aid = a02
pid = p02
qty = 400
dollars = 180.00
cid = c001
name = Tiptop
city = Duluth
discount = 10.00
ordno = 1020
mon = feb
cid = c006
aid = a03
pid = p07
qty = 600
dollars = 600.00
cid = c006
name = ACME
city = Kyoto
discount = 0.00
ordno = 1021
mon = feb
cid = c004
aid = a06
pid = p01
qty = 1000
dollars = 460.00
cid = c004
name = ACME
city = Duluth
discount = 8.00
ordno = 1022
mon = mar
cid = c001
aid = a05
pid = p06
qty = 400
dollars = 720.00
cid = c001
name = Tiptop
city = Duluth
discount = 10.00
ordno = 1023
mon = mar
cid = c001
aid = a04
pid = p05
qty = 500
dollars = 450.00
cid = c001
name = Tiptop
city = Duluth
discount = 10.00
ordno = 1024
mon = mar
cid = c006
aid = a06
pid = p01
qty = 800
dollars = 400.00
cid = c006
name = ACME
city = Kyoto
discount = 0.00
ordno = 1025
mon = apr
cid = c001
aid = a05
pid = p07
qty = 800
dollars = 720.00
cid = c001
name = Tiptop
city = Duluth
discount = 10.00
ordno = 1026
mon = may
cid = c002
aid = a05
pid = p03
qty = 800
dollars = 740.00
cid = c002
name = Basics
city = Dallas
discount = 12.00
<-= end =->
